<?xml version="1.0" encoding="UTF-8" ?>
<testsuite errors="0" skipped="0" tests="21" time="3.982" failures="0" name="org.asteriskjava.manager.internal.ManagerConnectionImplTest">
  <properties>
    <property value="Java(TM) 2 Runtime Environment, Standard Edition" name="java.runtime.name"/>
    <property value="/System/Library/Frameworks/JavaVM.framework/Versions/1.5.0/Libraries" name="sun.boot.library.path"/>
    <property value="1.5.0_13-119" name="java.vm.version"/>
    <property value="true" name="awt.nativeDoubleBuffering"/>
    <property value="false" name="gopherProxySet"/>
    <property value="Apple Inc." name="java.vm.vendor"/>
    <property value="http://www.apple.com/" name="java.vendor.url"/>
    <property value=":" name="path.separator"/>
    <property value="Java HotSpot(TM) Client VM" name="java.vm.name"/>
    <property value="sun.io" name="file.encoding.pkg"/>
    <property value="US" name="user.country"/>
    <property value="SUN_STANDARD" name="sun.java.launcher"/>
    <property value="unknown" name="sun.os.patch.level"/>
    <property value="Java Virtual Machine Specification" name="java.vm.specification.name"/>
    <property value="/Users/jicksta/NetBeansProjects/StompToManagerBridge/lib/asterisk-java" name="user.dir"/>
    <property value="1.5.0_13-b05-237" name="java.runtime.version"/>
    <property value="apple.awt.CGraphicsEnvironment" name="java.awt.graphicsenv"/>
    <property value="/Users/jicksta/NetBeansProjects/StompToManagerBridge/lib/asterisk-java" name="basedir"/>
    <property value="/System/Library/Frameworks/JavaVM.framework/Versions/1.5.0/Home/lib/endorsed" name="java.endorsed.dirs"/>
    <property value="i386" name="os.arch"/>
    <property value="/tmp" name="java.io.tmpdir"/>
    <property value="
" name="line.separator"/>
    <property value="Sun Microsystems Inc." name="java.vm.specification.vendor"/>
    <property value="Mac OS X" name="os.name"/>
    <property value="MacRoman" name="sun.jnu.encoding"/>
    <property value=".:/Library/Java/Extensions:/System/Library/Java/Extensions:/usr/lib/java" name="java.library.path"/>
    <property value="Java Platform API Specification" name="java.specification.name"/>
    <property value="49.0" name="java.class.version"/>
    <property value="HotSpot Client Compiler" name="sun.management.compiler"/>
    <property value="10.5.3" name="os.version"/>
    <property value="local|*.local|169.254/16|*.169.254/16" name="http.nonProxyHosts"/>
    <property value="/Users/jicksta" name="user.home"/>
    <property value="America/Los_Angeles" name="user.timezone"/>
    <property value="apple.awt.CPrinterJob" name="java.awt.printerjob"/>
    <property value="1.5" name="java.specification.version"/>
    <property value="MacRoman" name="file.encoding"/>
    <property value="jicksta" name="user.name"/>
    <property value="/Users/jicksta/.m2/repository/org/apache/maven/surefire/surefire-booter/2.3/surefire-booter-2.3.jar:/Users/jicksta/.m2/repository/org/apache/maven/surefire/surefire-api/2.3/surefire-api-2.3.jar:/Users/jicksta/.m2/repository/org/codehaus/plexus/plexus-utils/1.1/plexus-utils-1.1.jar:/Users/jicksta/.m2/repository/commons-lang/commons-lang/2.1/commons-lang-2.1.jar:/Users/jicksta/.m2/repository/org/codehaus/plexus/plexus-archiver/1.0-alpha-7/plexus-archiver-1.0-alpha-7.jar:/Users/jicksta/.m2/repository/org/codehaus/plexus/plexus-container-default/1.0-alpha-8/plexus-container-default-1.0-alpha-8.jar:/Users/jicksta/.m2/repository/junit/junit/3.8.1/junit-3.8.1.jar:/Users/jicksta/.m2/repository/classworlds/classworlds/1.1-alpha-2/classworlds-1.1-alpha-2.jar" name="java.class.path"/>
    <property value="1.0" name="java.vm.specification.version"/>
    <property value="32" name="sun.arch.data.model"/>
    <property value="/System/Library/Frameworks/JavaVM.framework/Versions/1.5.0/Home" name="java.home"/>
    <property value="Sun Microsystems Inc." name="java.specification.vendor"/>
    <property value="en" name="user.language"/>
    <property value="apple.awt.CToolkit" name="awt.toolkit"/>
    <property value="mixed mode, sharing" name="java.vm.info"/>
    <property value="1.5.0_13" name="java.version"/>
    <property value="/Library/Java/Extensions:/System/Library/Java/Extensions:/System/Library/Frameworks/JavaVM.framework/Versions/1.5.0/Home/lib/ext" name="java.ext.dirs"/>
    <property value="/System/Library/Frameworks/JavaVM.framework/Versions/1.5.0/Classes/classes.jar:/System/Library/Frameworks/JavaVM.framework/Versions/1.5.0/Classes/ui.jar:/System/Library/Frameworks/JavaVM.framework/Versions/1.5.0/Classes/laf.jar:/System/Library/Frameworks/JavaVM.framework/Versions/1.5.0/Classes/sunrsasign.jar:/System/Library/Frameworks/JavaVM.framework/Versions/1.5.0/Classes/jsse.jar:/System/Library/Frameworks/JavaVM.framework/Versions/1.5.0/Classes/jce.jar:/System/Library/Frameworks/JavaVM.framework/Versions/1.5.0/Classes/charsets.jar" name="sun.boot.class.path"/>
    <property value="Apple Inc." name="java.vendor"/>
    <property value="/Users/jicksta/.m2/repository" name="localRepository"/>
    <property value="/" name="file.separator"/>
    <property value="http://bugreport.apple.com/" name="java.vendor.url.bug"/>
    <property value="little" name="sun.cpu.endian"/>
    <property value="UnicodeLittle" name="sun.io.unicode.encoding"/>
    <property value="1040.1.5.0_13-237" name="mrj.version"/>
    <property value="local|*.local|169.254/16|*.169.254/16" name="socksNonProxyHosts"/>
    <property value="local|*.local|169.254/16|*.169.254/16" name="ftp.nonProxyHosts"/>
    <property value="" name="sun.cpu.isalist"/>
  </properties>
  <testcase time="0.008" name="testDefaultConstructor"/>
  <testcase time="0.002" name="testRegisterUserEventClass"/>
  <testcase time="0.198" name="testLogin"/>
  <testcase time="0.192" name="testLoginIncorrectKey"/>
  <testcase time="0" name="testLoginIOExceptionOnConnect"/>
  <testcase time="0.061" name="testLoginTimeoutOnConnect"/>
  <testcase time="0.261" name="testLoginTimeoutOnChallengeAction"/>
  <testcase time="0.021" name="testLogoffWhenConnected"/>
  <testcase time="0" name="testLogoffWhenNotConnected"/>
  <testcase time="0" name="testSendActionWithNullAction"/>
  <testcase time="0.001" name="testSendActionWhenNotConnected"/>
  <testcase time="0.021" name="testSendAction"/>
  <testcase time="0.201" name="testSendActionTimeout"/>
  <testcase time="0" name="testDispatchResponseUnexpectedResponse"/>
  <testcase time="0.001" name="testDispatchResponseMissingInternalActionId"/>
  <testcase time="0" name="testDispatchResponseNullActionId"/>
  <testcase time="0" name="testDispatchResponseNullResponse"/>
  <testcase time="1.001" name="testReconnect"/>
  <testcase time="1.001" name="testReconnectWithIOException"/>
  <testcase time="1" name="testReconnectWithTimeoutException"/>
  <testcase time="0.005" name="testDispatchEventWithMultipleEventHandlers"/>
</testsuite>